<?xml version="1.0" encoding="UTF-8"?>
<!-- Generated by org.testng.reporters.JUnitReportReporter -->
<testsuite hostname="CFS-LP-0192" failures="0" tests="1" name="com.Appium.test.TC_HomePage_001" time="0.008" errors="0" timestamp="2023-08-08T22:50:05 IST" skipped="0">
  <testcase classname="com.Appium.test.TC_HomePage_001" name="testFun" time="0.008"/>
  <system-out/>
</testsuite> <!-- com.Appium.test.TC_HomePage_001 -->
